<test-config>
    <test-share>\\londev05VM2\test</test-share>
    <test-suites>
        <test-suite>
            <name>InitialConnectState</name>
            <file>connect\InitialConnectState\suite.html</file>
            <timeout>180</timeout>
        </test-suite>
        <test-suite>
            <name>LegendControl</name>
            <file>connect\LegendControl\suite.html</file>
            <timeout>180</timeout>
        </test-suite>
        <test-suite>
            <name>LocatorControl</name>
            <file>connect\LocatorControl\suite.html</file>
            <timeout>180</timeout>
        </test-suite>
        <test-suite>
            <name>MapControl</name>
            <file>connect\MapControl\suite.html</file>
            <timeout>180</timeout>
        </test-suite>
    </test-suites>
    <mutations>
        <mutation>
            <name>firefox-win2k-en</name>
            <host>londev05VM6</host>
            <browser>*firefox</browser>
            <selenium-jar>C:\devel\test\selenium-remote-control-1.0-beta-1\selenium-server-1.0-beta-1\selenium-server.jar</selenium-jar>
            <username>MICORP\StratusBuild</username>
            <password>stratus123</password>
            <target>http://londev05VM4:8080/</target>
        </mutation>
        <!--mutation>
            <name>ie6-win2k-en</name>
            <host>londev05VM6</host>
            <browser>*iexplore</browser>
            <selenium-jar>C:\devel\test\selenium-remote-control-1.0-beta-1\selenium-server-1.0-beta-1\selenium-server.jar</selenium-jar>
            <username>MICORP\StratusBuild</username>
            <password>stratus123</password>
            <target>http://londev05VM4:8080/</target>
        </mutation-->
        <mutation>
            <name>ie7-win2k-en</name>
            <host>londev05VM5</host>
            <browser>*iexplore</browser>
            <selenium-jar>C:\devel\test\selenium-remote-control-1.0-beta-1\selenium-server-1.0-beta-1\selenium-server.jar</selenium-jar>
            <username>MICORP\StratusBuild</username>
            <password>stratus123</password>
            <target>http://londev05VM4:8080/</target>
        </mutation>
        <!--mutation>
            <name>safari-win2k-en</name>
            <host>londev05VM5</host>
            <browser>*safari</browser>
            <target>http://londev05VM4:8080/</target>
        </mutation-->
    </mutations>
</test-config>
