<?xml version="1.0" encoding="UTF-8"?>
<locate-config>
    <default-instance>CamdenNLPG</default-instance>

    <engine>
        <name>Lucene</name>
        <class>com.pb.gazetteer.lucene.LuceneIndexSearchFactory</class>
        <idle-period>30</idle-period>
    </engine>

    <instance>
        <name>CamdenNLPG</name>
        <engine-name>Lucene</engine-name>
        <config>
            <pending-directory>C:\index\Camden\testRemote</pending-directory>
            <active-directory>C:\index\Camden\testLocal</active-directory>
            <srs>epsg:27700</srs>
            <searchlogic>UKPreparserSearch</searchlogic>
        </config>
    </instance>

</locate-config>
